[debug] [2022-09-02T17:12:10.253Z] ----------------------------------------------------------------------
[debug] [2022-09-02T17:12:10.255Z] Command:       /Users/g.s/.nvm/versions/node/v18.7.0/bin/node /Users/g.s/.nvm/versions/node/v18.7.0/bin/firebase init
[debug] [2022-09-02T17:12:10.256Z] CLI Version:   11.8.0
[debug] [2022-09-02T17:12:10.256Z] Platform:      darwin
[debug] [2022-09-02T17:12:10.256Z] Node Version:  v18.7.0
[debug] [2022-09-02T17:12:10.257Z] Time:          Fri Sep 02 2022 10:12:10 GMT-0700 (Pacific Daylight Time)
[debug] [2022-09-02T17:12:10.257Z] ----------------------------------------------------------------------
[debug] 
[debug] [2022-09-02T17:12:10.323Z] > command requires scopes: ["email","openid","https://www.googleapis.com/auth/cloudplatformprojects.readonly","https://www.googleapis.com/auth/firebase","https://www.googleapis.com/auth/cloud-platform"]
[debug] [2022-09-02T17:12:10.324Z] > authorizing via signed-in user (gokulsai.alla@gmail.com)
[info] 
     ######## #### ########  ######## ########     ###     ######  ########
     ##        ##  ##     ## ##       ##     ##  ##   ##  ##       ##
     ######    ##  ########  ######   ########  #########  ######  ######
     ##        ##  ##    ##  ##       ##     ## ##     ##       ## ##
     ##       #### ##     ## ######## ########  ##     ##  ######  ########

You're about to initialize a Firebase project in this directory:

  /Users/g.s/Documents/prods/website

Before we get started, keep in mind:

  * You are initializing within an existing Firebase project directory

[info] 
=== Project Setup
[info] 
[info] First, let's associate this project directory with a Firebase project.
[info] You can create multiple project aliases by running firebase use --add, 
[info] but for now we'll just set up a default project.
[info] 
[debug] [2022-09-02T17:12:20.155Z] > refreshing access token with scopes: []
[debug] [2022-09-02T17:12:20.157Z] >>> [apiv2][query] POST https://www.googleapis.com/oauth2/v3/token [none]
[debug] [2022-09-02T17:12:20.157Z] >>> [apiv2][body] POST https://www.googleapis.com/oauth2/v3/token [omitted]
[debug] [2022-09-02T17:12:20.396Z] <<< [apiv2][status] POST https://www.googleapis.com/oauth2/v3/token 400
[debug] [2022-09-02T17:12:20.397Z] <<< [apiv2][body] POST https://www.googleapis.com/oauth2/v3/token [omitted]
[debug] [2022-09-02T17:12:20.397Z] >>> [apiv2][query] GET https://firebase.googleapis.com/v1beta1/projects pageSize=100
[debug] [2022-09-02T17:12:20.741Z] <<< [apiv2][status] GET https://firebase.googleapis.com/v1beta1/projects 401
[debug] [2022-09-02T17:12:20.741Z] <<< [apiv2][body] GET https://firebase.googleapis.com/v1beta1/projects [omitted]
[debug] [2022-09-02T17:12:20.742Z] HTTP Error: 401, Request had invalid authentication credentials. Expected OAuth 2 access token, login cookie or other valid authentication credential. See https://developers.google.com/identity/sign-in/web/devconsole-project.
[debug] [2022-09-02T17:12:20.864Z] FirebaseError: HTTP Error: 401, Request had invalid authentication credentials. Expected OAuth 2 access token, login cookie or other valid authentication credential. See https://developers.google.com/identity/sign-in/web/devconsole-project.
    at responseToError (/Users/g.s/.nvm/versions/node/v18.7.0/lib/node_modules/firebase-tools/lib/responseToError.js:49:12)
    at RetryOperation._fn (/Users/g.s/.nvm/versions/node/v18.7.0/lib/node_modules/firebase-tools/lib/apiv2.js:288:77)
    at process.processTicksAndRejections (node:internal/process/task_queues:95:5)
[error] 
[error] Error: Failed to list Firebase projects. See firebase-debug.log for more info.
